{"/Users/songminhyeong/MyProjects/Projects/WeAllLie-BE-ver2/src/middlewares/exception.js": {"path":"/Users/songminhyeong/MyProjects/Projects/WeAllLie-BE-ver2/src/middlewares/exception.js","statementMap":{"0":{"start":{"line":5,"column":8},"end":{"line":5,"column":23}},"1":{"start":{"line":7,"column":8},"end":{"line":7,"column":31}},"2":{"start":{"line":8,"column":8},"end":{"line":8,"column":37}},"3":{"start":{"line":14,"column":8},"end":{"line":14,"column":23}},"4":{"start":{"line":16,"column":8},"end":{"line":16,"column":31}},"5":{"start":{"line":17,"column":8},"end":{"line":17,"column":37}},"6":{"start":{"line":24,"column":8},"end":{"line":24,"column":23}},"7":{"start":{"line":26,"column":8},"end":{"line":26,"column":31}},"8":{"start":{"line":27,"column":8},"end":{"line":27,"column":37}},"9":{"start":{"line":31,"column":0},"end":{"line":35,"column":2}}},"fnMap":{"0":{"name":"(anonymous_0)","decl":{"start":{"line":4,"column":4},"end":{"line":4,"column":5}},"loc":{"start":{"line":4,"column":43},"end":{"line":9,"column":5}},"line":4},"1":{"name":"(anonymous_1)","decl":{"start":{"line":13,"column":4},"end":{"line":13,"column":5}},"loc":{"start":{"line":13,"column":37},"end":{"line":18,"column":5}},"line":13},"2":{"name":"(anonymous_2)","decl":{"start":{"line":23,"column":4},"end":{"line":23,"column":5}},"loc":{"start":{"line":23,"column":43},"end":{"line":28,"column":5}},"line":23}},"branchMap":{"0":{"loc":{"start":{"line":4,"column":25},"end":{"line":4,"column":41}},"type":"default-arg","locations":[{"start":{"line":4,"column":38},"end":{"line":4,"column":41}}],"line":4},"1":{"loc":{"start":{"line":23,"column":25},"end":{"line":23,"column":41}},"type":"default-arg","locations":[{"start":{"line":23,"column":38},"end":{"line":23,"column":41}}],"line":23}},"s":{"0":0,"1":0,"2":0,"3":0,"4":0,"5":0,"6":5,"7":5,"8":5,"9":2},"f":{"0":0,"1":0,"2":5},"b":{"0":[0],"1":[0]},"_coverageSchema":"1a1c01bbd47fc00a2c39e90264f33305004495a9","hash":"a314962ebf25962f4c50c29b098ffe08d61709ae"}
,"/Users/songminhyeong/MyProjects/Projects/WeAllLie-BE-ver2/src/schemas/user.js": {"path":"/Users/songminhyeong/MyProjects/Projects/WeAllLie-BE-ver2/src/schemas/user.js","statementMap":{"0":{"start":{"line":1,"column":26},"end":{"line":1,"column":45}},"1":{"start":{"line":3,"column":19},"end":{"line":60,"column":2}},"2":{"start":{"line":62,"column":13},"end":{"line":62,"column":38}},"3":{"start":{"line":63,"column":0},"end":{"line":63,"column":22}}},"fnMap":{},"branchMap":{},"s":{"0":3,"1":3,"2":3,"3":3},"f":{},"b":{},"_coverageSchema":"1a1c01bbd47fc00a2c39e90264f33305004495a9","hash":"c8bcd83195e6ffda4e2012c96148d27413b914a9"}
,"/Users/songminhyeong/MyProjects/Projects/WeAllLie-BE-ver2/src/users/user-controller.js": {"path":"/Users/songminhyeong/MyProjects/Projects/WeAllLie-BE-ver2/src/users/user-controller.js","statementMap":{"0":{"start":{"line":1,"column":20},"end":{"line":1,"column":45}},"1":{"start":{"line":2,"column":22},"end":{"line":2,"column":57}},"2":{"start":{"line":3,"column":0},"end":{"line":3,"column":27}},"3":{"start":{"line":7,"column":20},"end":{"line":16,"column":5}},"4":{"start":{"line":8,"column":8},"end":{"line":8,"column":64}},"5":{"start":{"line":9,"column":27},"end":{"line":9,"column":74}},"6":{"start":{"line":10,"column":8},"end":{"line":10,"column":73}},"7":{"start":{"line":15,"column":8},"end":{"line":15,"column":65}},"8":{"start":{"line":24,"column":19},"end":{"line":43,"column":5}},"9":{"start":{"line":25,"column":8},"end":{"line":25,"column":57}},"10":{"start":{"line":27,"column":8},"end":{"line":42,"column":9}},"11":{"start":{"line":28,"column":38},"end":{"line":28,"column":49}},"12":{"start":{"line":29,"column":43},"end":{"line":29,"column":75}},"13":{"start":{"line":31,"column":12},"end":{"line":32,"column":70}},"14":{"start":{"line":32,"column":16},"end":{"line":32,"column":70}},"15":{"start":{"line":33,"column":12},"end":{"line":33,"column":75}},"16":{"start":{"line":33,"column":29},"end":{"line":33,"column":75}},"17":{"start":{"line":34,"column":12},"end":{"line":34,"column":57}},"18":{"start":{"line":36,"column":44},"end":{"line":36,"column":86}},"19":{"start":{"line":37,"column":12},"end":{"line":37,"column":58}},"20":{"start":{"line":40,"column":12},"end":{"line":40,"column":27}},"21":{"start":{"line":41,"column":12},"end":{"line":41,"column":88}},"22":{"start":{"line":46,"column":20},"end":{"line":58,"column":5}},"23":{"start":{"line":47,"column":8},"end":{"line":57,"column":9}},"24":{"start":{"line":48,"column":12},"end":{"line":48,"column":63}},"25":{"start":{"line":49,"column":29},"end":{"line":49,"column":39}},"26":{"start":{"line":51,"column":29},"end":{"line":51,"column":70}},"27":{"start":{"line":52,"column":12},"end":{"line":52,"column":34}},"28":{"start":{"line":53,"column":12},"end":{"line":53,"column":50}},"29":{"start":{"line":55,"column":12},"end":{"line":55,"column":27}},"30":{"start":{"line":56,"column":12},"end":{"line":56,"column":88}},"31":{"start":{"line":61,"column":17},"end":{"line":74,"column":5}},"32":{"start":{"line":62,"column":8},"end":{"line":73,"column":9}},"33":{"start":{"line":63,"column":29},"end":{"line":63,"column":39}},"34":{"start":{"line":64,"column":33},"end":{"line":64,"column":41}},"35":{"start":{"line":65,"column":12},"end":{"line":65,"column":71}},"36":{"start":{"line":65,"column":27},"end":{"line":65,"column":71}},"37":{"start":{"line":66,"column":12},"end":{"line":67,"column":65}},"38":{"start":{"line":67,"column":16},"end":{"line":67,"column":65}},"39":{"start":{"line":68,"column":12},"end":{"line":68,"column":61}},"40":{"start":{"line":69,"column":12},"end":{"line":69,"column":54}},"41":{"start":{"line":71,"column":12},"end":{"line":71,"column":27}},"42":{"start":{"line":72,"column":12},"end":{"line":72,"column":88}},"43":{"start":{"line":77,"column":0},"end":{"line":77,"column":38}}},"fnMap":{"0":{"name":"(anonymous_0)","decl":{"start":{"line":7,"column":20},"end":{"line":7,"column":21}},"loc":{"start":{"line":7,"column":40},"end":{"line":16,"column":5}},"line":7},"1":{"name":"(anonymous_1)","decl":{"start":{"line":24,"column":19},"end":{"line":24,"column":20}},"loc":{"start":{"line":24,"column":39},"end":{"line":43,"column":5}},"line":24},"2":{"name":"(anonymous_2)","decl":{"start":{"line":46,"column":20},"end":{"line":46,"column":21}},"loc":{"start":{"line":46,"column":40},"end":{"line":58,"column":5}},"line":46},"3":{"name":"(anonymous_3)","decl":{"start":{"line":61,"column":17},"end":{"line":61,"column":18}},"loc":{"start":{"line":61,"column":37},"end":{"line":74,"column":5}},"line":61}},"branchMap":{"0":{"loc":{"start":{"line":29,"column":44},"end":{"line":29,"column":63}},"type":"binary-expr","locations":[{"start":{"line":29,"column":44},"end":{"line":29,"column":57}},{"start":{"line":29,"column":61},"end":{"line":29,"column":63}}],"line":29},"1":{"loc":{"start":{"line":31,"column":12},"end":{"line":32,"column":70}},"type":"if","locations":[{"start":{"line":31,"column":12},"end":{"line":32,"column":70}},{"start":{},"end":{}}],"line":31},"2":{"loc":{"start":{"line":31,"column":16},"end":{"line":31,"column":50}},"type":"binary-expr","locations":[{"start":{"line":31,"column":16},"end":{"line":31,"column":25}},{"start":{"line":31,"column":29},"end":{"line":31,"column":50}}],"line":31},"3":{"loc":{"start":{"line":33,"column":12},"end":{"line":33,"column":75}},"type":"if","locations":[{"start":{"line":33,"column":12},"end":{"line":33,"column":75}},{"start":{},"end":{}}],"line":33},"4":{"loc":{"start":{"line":65,"column":12},"end":{"line":65,"column":71}},"type":"if","locations":[{"start":{"line":65,"column":12},"end":{"line":65,"column":71}},{"start":{},"end":{}}],"line":65},"5":{"loc":{"start":{"line":66,"column":12},"end":{"line":67,"column":65}},"type":"if","locations":[{"start":{"line":66,"column":12},"end":{"line":67,"column":65}},{"start":{},"end":{}}],"line":66}},"s":{"0":1,"1":1,"2":1,"3":1,"4":3,"5":3,"6":3,"7":3,"8":1,"9":4,"10":4,"11":4,"12":4,"13":4,"14":1,"15":3,"16":1,"17":2,"18":2,"19":2,"20":2,"21":2,"22":1,"23":3,"24":3,"25":3,"26":3,"27":3,"28":3,"29":0,"30":0,"31":1,"32":3,"33":3,"34":3,"35":3,"36":0,"37":3,"38":0,"39":3,"40":2,"41":1,"42":1,"43":1},"f":{"0":3,"1":4,"2":3,"3":3},"b":{"0":[4,0],"1":[1,3],"2":[4,4],"3":[1,2],"4":[0,3],"5":[0,3]},"_coverageSchema":"1a1c01bbd47fc00a2c39e90264f33305004495a9","hash":"1953ec6b04617f802731870c026e3f4ca9bba5d2"}
,"/Users/songminhyeong/MyProjects/Projects/WeAllLie-BE-ver2/src/users/user-repo.js": {"path":"/Users/songminhyeong/MyProjects/Projects/WeAllLie-BE-ver2/src/users/user-repo.js","statementMap":{"0":{"start":{"line":1,"column":13},"end":{"line":1,"column":39}},"1":{"start":{"line":4,"column":17},"end":{"line":7,"column":5}},"2":{"start":{"line":5,"column":24},"end":{"line":5,"column":47}},"3":{"start":{"line":6,"column":8},"end":{"line":6,"column":23}},"4":{"start":{"line":9,"column":18},"end":{"line":12,"column":5}},"5":{"start":{"line":10,"column":24},"end":{"line":10,"column":43}},"6":{"start":{"line":11,"column":8},"end":{"line":11,"column":23}},"7":{"start":{"line":14,"column":21},"end":{"line":17,"column":5}},"8":{"start":{"line":15,"column":23},"end":{"line":15,"column":52}},"9":{"start":{"line":16,"column":8},"end":{"line":16,"column":22}},"10":{"start":{"line":19,"column":24},"end":{"line":22,"column":5}},"11":{"start":{"line":20,"column":23},"end":{"line":20,"column":55}},"12":{"start":{"line":21,"column":8},"end":{"line":21,"column":22}},"13":{"start":{"line":24,"column":18},"end":{"line":27,"column":5}},"14":{"start":{"line":25,"column":23},"end":{"line":25,"column":46}},"15":{"start":{"line":26,"column":8},"end":{"line":26,"column":22}},"16":{"start":{"line":29,"column":17},"end":{"line":31,"column":5}},"17":{"start":{"line":30,"column":8},"end":{"line":30,"column":52}},"18":{"start":{"line":34,"column":0},"end":{"line":34,"column":32}}},"fnMap":{"0":{"name":"(anonymous_0)","decl":{"start":{"line":4,"column":17},"end":{"line":4,"column":18}},"loc":{"start":{"line":4,"column":33},"end":{"line":7,"column":5}},"line":4},"1":{"name":"(anonymous_1)","decl":{"start":{"line":9,"column":18},"end":{"line":9,"column":19}},"loc":{"start":{"line":9,"column":30},"end":{"line":12,"column":5}},"line":9},"2":{"name":"(anonymous_2)","decl":{"start":{"line":14,"column":21},"end":{"line":14,"column":22}},"loc":{"start":{"line":14,"column":38},"end":{"line":17,"column":5}},"line":14},"3":{"name":"(anonymous_3)","decl":{"start":{"line":19,"column":24},"end":{"line":19,"column":25}},"loc":{"start":{"line":19,"column":44},"end":{"line":22,"column":5}},"line":19},"4":{"name":"(anonymous_4)","decl":{"start":{"line":24,"column":18},"end":{"line":24,"column":19}},"loc":{"start":{"line":24,"column":32},"end":{"line":27,"column":5}},"line":24},"5":{"name":"(anonymous_5)","decl":{"start":{"line":29,"column":17},"end":{"line":29,"column":18}},"loc":{"start":{"line":29,"column":42},"end":{"line":31,"column":5}},"line":29}},"branchMap":{},"s":{"0":3,"1":3,"2":1,"3":1,"4":3,"5":1,"6":1,"7":3,"8":1,"9":1,"10":3,"11":1,"12":1,"13":3,"14":1,"15":1,"16":3,"17":1,"18":3},"f":{"0":1,"1":1,"2":1,"3":1,"4":1,"5":1},"b":{},"_coverageSchema":"1a1c01bbd47fc00a2c39e90264f33305004495a9","hash":"61fc1cae39aaad6de29a5584facfa1f2cd26dd86"}
,"/Users/songminhyeong/MyProjects/Projects/WeAllLie-BE-ver2/src/users/user-service.js": {"path":"/Users/songminhyeong/MyProjects/Projects/WeAllLie-BE-ver2/src/users/user-service.js","statementMap":{"0":{"start":{"line":1,"column":17},"end":{"line":1,"column":39}},"1":{"start":{"line":2,"column":19},"end":{"line":2,"column":47}},"2":{"start":{"line":3,"column":21},"end":{"line":3,"column":59}},"3":{"start":{"line":4,"column":22},"end":{"line":4,"column":57}},"4":{"start":{"line":5,"column":14},"end":{"line":5,"column":30}},"5":{"start":{"line":6,"column":11},"end":{"line":6,"column":24}},"6":{"start":{"line":10,"column":20},"end":{"line":38,"column":5}},"7":{"start":{"line":11,"column":27},"end":{"line":35,"column":10}},"8":{"start":{"line":37,"column":8},"end":{"line":37,"column":44}},"9":{"start":{"line":47,"column":19},"end":{"line":73,"column":5}},"10":{"start":{"line":48,"column":25},"end":{"line":55,"column":10}},"11":{"start":{"line":57,"column":8},"end":{"line":57,"column":71}},"12":{"start":{"line":60,"column":28},"end":{"line":60,"column":92}},"13":{"start":{"line":63,"column":8},"end":{"line":67,"column":9}},"14":{"start":{"line":64,"column":12},"end":{"line":64,"column":61}},"15":{"start":{"line":65,"column":31},"end":{"line":65,"column":68}},"16":{"start":{"line":66,"column":12},"end":{"line":66,"column":37}},"17":{"start":{"line":70,"column":24},"end":{"line":70,"column":65}},"18":{"start":{"line":71,"column":8},"end":{"line":71,"column":65}},"19":{"start":{"line":72,"column":8},"end":{"line":72,"column":30}},"20":{"start":{"line":76,"column":20},"end":{"line":81,"column":5}},"21":{"start":{"line":77,"column":25},"end":{"line":77,"column":56}},"22":{"start":{"line":78,"column":27},"end":{"line":78,"column":69}},"23":{"start":{"line":79,"column":8},"end":{"line":79,"column":71}},"24":{"start":{"line":80,"column":8},"end":{"line":80,"column":26}},"25":{"start":{"line":84,"column":17},"end":{"line":93,"column":5}},"26":{"start":{"line":85,"column":8},"end":{"line":92,"column":9}},"27":{"start":{"line":86,"column":32},"end":{"line":86,"column":74}},"28":{"start":{"line":87,"column":12},"end":{"line":87,"column":64}},"29":{"start":{"line":87,"column":29},"end":{"line":87,"column":64}},"30":{"start":{"line":88,"column":12},"end":{"line":88,"column":53}},"31":{"start":{"line":89,"column":12},"end":{"line":89,"column":19}},"32":{"start":{"line":91,"column":12},"end":{"line":91,"column":20}},"33":{"start":{"line":96,"column":20},"end":{"line":104,"column":5}},"34":{"start":{"line":97,"column":28},"end":{"line":97,"column":79}},"35":{"start":{"line":98,"column":8},"end":{"line":98,"column":71}},"36":{"start":{"line":100,"column":27},"end":{"line":100,"column":72}},"37":{"start":{"line":101,"column":8},"end":{"line":101,"column":45}},"38":{"start":{"line":102,"column":8},"end":{"line":102,"column":69}},"39":{"start":{"line":103,"column":8},"end":{"line":103,"column":26}},"40":{"start":{"line":107,"column":22},"end":{"line":121,"column":5}},"41":{"start":{"line":108,"column":24},"end":{"line":108,"column":52}},"42":{"start":{"line":111,"column":27},"end":{"line":111,"column":80}},"43":{"start":{"line":112,"column":8},"end":{"line":112,"column":64}},"44":{"start":{"line":113,"column":24},"end":{"line":113,"column":61}},"45":{"start":{"line":116,"column":29},"end":{"line":116,"column":76}},"46":{"start":{"line":117,"column":27},"end":{"line":117,"column":68}},"47":{"start":{"line":118,"column":8},"end":{"line":118,"column":46}},"48":{"start":{"line":120,"column":8},"end":{"line":120,"column":26}},"49":{"start":{"line":124,"column":0},"end":{"line":124,"column":35}}},"fnMap":{"0":{"name":"(anonymous_0)","decl":{"start":{"line":10,"column":20},"end":{"line":10,"column":21}},"loc":{"start":{"line":10,"column":36},"end":{"line":38,"column":5}},"line":10},"1":{"name":"(anonymous_1)","decl":{"start":{"line":47,"column":19},"end":{"line":47,"column":20}},"loc":{"start":{"line":47,"column":41},"end":{"line":73,"column":5}},"line":47},"2":{"name":"(anonymous_2)","decl":{"start":{"line":76,"column":20},"end":{"line":76,"column":21}},"loc":{"start":{"line":76,"column":35},"end":{"line":81,"column":5}},"line":76},"3":{"name":"(anonymous_3)","decl":{"start":{"line":84,"column":17},"end":{"line":84,"column":18}},"loc":{"start":{"line":84,"column":42},"end":{"line":93,"column":5}},"line":84},"4":{"name":"(anonymous_4)","decl":{"start":{"line":96,"column":20},"end":{"line":96,"column":21}},"loc":{"start":{"line":96,"column":43},"end":{"line":104,"column":5}},"line":96},"5":{"name":"(anonymous_5)","decl":{"start":{"line":107,"column":22},"end":{"line":107,"column":23}},"loc":{"start":{"line":107,"column":47},"end":{"line":121,"column":5}},"line":107}},"branchMap":{"0":{"loc":{"start":{"line":63,"column":8},"end":{"line":67,"column":9}},"type":"if","locations":[{"start":{"line":63,"column":8},"end":{"line":67,"column":9}},{"start":{},"end":{}}],"line":63},"1":{"loc":{"start":{"line":87,"column":12},"end":{"line":87,"column":64}},"type":"if","locations":[{"start":{"line":87,"column":12},"end":{"line":87,"column":64}},{"start":{},"end":{}}],"line":87}},"s":{"0":2,"1":2,"2":2,"3":2,"4":2,"5":2,"6":2,"7":0,"8":0,"9":2,"10":0,"11":0,"12":0,"13":0,"14":0,"15":0,"16":0,"17":0,"18":0,"19":0,"20":2,"21":2,"22":2,"23":2,"24":2,"25":2,"26":6,"27":6,"28":6,"29":1,"30":5,"31":5,"32":1,"33":2,"34":6,"35":6,"36":6,"37":6,"38":6,"39":6,"40":2,"41":8,"42":8,"43":8,"44":8,"45":8,"46":8,"47":8,"48":8,"49":2},"f":{"0":0,"1":0,"2":2,"3":6,"4":6,"5":8},"b":{"0":[0,0],"1":[1,5]},"_coverageSchema":"1a1c01bbd47fc00a2c39e90264f33305004495a9","hash":"7b3acfb1b39b6275b77cacaf04b1f4b20411ba59"}
,"/Users/songminhyeong/MyProjects/Projects/WeAllLie-BE-ver2/src/users/util/jwt.js": {"path":"/Users/songminhyeong/MyProjects/Projects/WeAllLie-BE-ver2/src/users/util/jwt.js","statementMap":{"0":{"start":{"line":1,"column":12},"end":{"line":1,"column":35}},"1":{"start":{"line":2,"column":13},"end":{"line":2,"column":42}},"2":{"start":{"line":3,"column":0},"end":{"line":3,"column":27}},"3":{"start":{"line":7,"column":24},"end":{"line":11,"column":5}},"4":{"start":{"line":8,"column":8},"end":{"line":10,"column":11}},"5":{"start":{"line":13,"column":25},"end":{"line":15,"column":5}},"6":{"start":{"line":14,"column":8},"end":{"line":14,"column":73}},"7":{"start":{"line":17,"column":28},"end":{"line":24,"column":5}},"8":{"start":{"line":18,"column":8},"end":{"line":23,"column":9}},"9":{"start":{"line":19,"column":28},"end":{"line":19,"column":75}},"10":{"start":{"line":20,"column":12},"end":{"line":20,"column":27}},"11":{"start":{"line":22,"column":12},"end":{"line":22,"column":24}},"12":{"start":{"line":27,"column":26},"end":{"line":34,"column":5}},"13":{"start":{"line":28,"column":8},"end":{"line":33,"column":9}},"14":{"start":{"line":29,"column":28},"end":{"line":29,"column":75}},"15":{"start":{"line":30,"column":12},"end":{"line":30,"column":23}},"16":{"start":{"line":32,"column":12},"end":{"line":32,"column":24}},"17":{"start":{"line":37,"column":27},"end":{"line":44,"column":5}},"18":{"start":{"line":38,"column":8},"end":{"line":43,"column":9}},"19":{"start":{"line":39,"column":12},"end":{"line":39,"column":61}},"20":{"start":{"line":40,"column":12},"end":{"line":40,"column":24}},"21":{"start":{"line":42,"column":12},"end":{"line":42,"column":25}},"22":{"start":{"line":47,"column":26},"end":{"line":60,"column":5}},"23":{"start":{"line":48,"column":32},"end":{"line":48,"column":37}},"24":{"start":{"line":50,"column":8},"end":{"line":50,"column":33}},"25":{"start":{"line":50,"column":26},"end":{"line":50,"column":33}},"26":{"start":{"line":51,"column":8},"end":{"line":59,"column":9}},"27":{"start":{"line":52,"column":28},"end":{"line":52,"column":75}},"28":{"start":{"line":53,"column":29},"end":{"line":53,"column":53}},"29":{"start":{"line":54,"column":12},"end":{"line":54,"column":50}},"30":{"start":{"line":55,"column":12},"end":{"line":55,"column":28}},"31":{"start":{"line":57,"column":12},"end":{"line":57,"column":27}},"32":{"start":{"line":58,"column":12},"end":{"line":58,"column":19}},"33":{"start":{"line":63,"column":0},"end":{"line":63,"column":34}}},"fnMap":{"0":{"name":"(anonymous_0)","decl":{"start":{"line":7,"column":24},"end":{"line":7,"column":25}},"loc":{"start":{"line":7,"column":39},"end":{"line":11,"column":5}},"line":7},"1":{"name":"(anonymous_1)","decl":{"start":{"line":13,"column":25},"end":{"line":13,"column":26}},"loc":{"start":{"line":13,"column":37},"end":{"line":15,"column":5}},"line":13},"2":{"name":"(anonymous_2)","decl":{"start":{"line":17,"column":28},"end":{"line":17,"column":29}},"loc":{"start":{"line":17,"column":51},"end":{"line":24,"column":5}},"line":17},"3":{"name":"(anonymous_3)","decl":{"start":{"line":27,"column":26},"end":{"line":27,"column":27}},"loc":{"start":{"line":27,"column":49},"end":{"line":34,"column":5}},"line":27},"4":{"name":"(anonymous_4)","decl":{"start":{"line":37,"column":27},"end":{"line":37,"column":28}},"loc":{"start":{"line":37,"column":51},"end":{"line":44,"column":5}},"line":37},"5":{"name":"(anonymous_5)","decl":{"start":{"line":47,"column":26},"end":{"line":47,"column":27}},"loc":{"start":{"line":47,"column":43},"end":{"line":60,"column":5}},"line":47}},"branchMap":{"0":{"loc":{"start":{"line":50,"column":8},"end":{"line":50,"column":33}},"type":"if","locations":[{"start":{"line":50,"column":8},"end":{"line":50,"column":33}},{"start":{},"end":{}}],"line":50}},"s":{"0":2,"1":2,"2":2,"3":2,"4":1,"5":2,"6":0,"7":2,"8":0,"9":0,"10":0,"11":0,"12":2,"13":0,"14":0,"15":0,"16":0,"17":2,"18":0,"19":0,"20":0,"21":0,"22":2,"23":0,"24":0,"25":0,"26":0,"27":0,"28":0,"29":0,"30":0,"31":0,"32":0,"33":2},"f":{"0":1,"1":0,"2":0,"3":0,"4":0,"5":0},"b":{"0":[0,0]},"_coverageSchema":"1a1c01bbd47fc00a2c39e90264f33305004495a9","hash":"fe242b52c2e73d9c1b0f2ef4fc69cf0e7a5eafd1"}
,"/Users/songminhyeong/MyProjects/Projects/WeAllLie-BE-ver2/src/users/util/user-function.js": {"path":"/Users/songminhyeong/MyProjects/Projects/WeAllLie-BE-ver2/src/users/util/user-function.js","statementMap":{"0":{"start":{"line":3,"column":17},"end":{"line":33,"column":5}},"1":{"start":{"line":4,"column":29},"end":{"line":4,"column":43}},"2":{"start":{"line":8,"column":8},"end":{"line":22,"column":9}},"3":{"start":{"line":9,"column":12},"end":{"line":9,"column":20}},"4":{"start":{"line":10,"column":12},"end":{"line":10,"column":35}},"5":{"start":{"line":13,"column":22},"end":{"line":13,"column":56}},"6":{"start":{"line":15,"column":12},"end":{"line":20,"column":13}},"7":{"start":{"line":16,"column":16},"end":{"line":16,"column":69}},"8":{"start":{"line":17,"column":16},"end":{"line":17,"column":46}},"9":{"start":{"line":19,"column":16},"end":{"line":19,"column":40}},"10":{"start":{"line":21,"column":12},"end":{"line":21,"column":27}},"11":{"start":{"line":25,"column":8},"end":{"line":32,"column":10}},"12":{"start":{"line":37,"column":20},"end":{"line":68,"column":5}},"13":{"start":{"line":38,"column":28},"end":{"line":45,"column":9}},"14":{"start":{"line":47,"column":29},"end":{"line":47,"column":94}},"15":{"start":{"line":47,"column":39},"end":{"line":47,"column":94}},"16":{"start":{"line":48,"column":30},"end":{"line":49,"column":88}},"17":{"start":{"line":49,"column":12},"end":{"line":49,"column":88}},"18":{"start":{"line":51,"column":8},"end":{"line":67,"column":9}},"19":{"start":{"line":52,"column":12},"end":{"line":52,"column":41}},"20":{"start":{"line":53,"column":12},"end":{"line":53,"column":42}},"21":{"start":{"line":54,"column":12},"end":{"line":54,"column":31}},"22":{"start":{"line":55,"column":15},"end":{"line":67,"column":9}},"23":{"start":{"line":56,"column":12},"end":{"line":56,"column":41}},"24":{"start":{"line":57,"column":12},"end":{"line":57,"column":60}},"25":{"start":{"line":58,"column":12},"end":{"line":58,"column":31}},"26":{"start":{"line":59,"column":15},"end":{"line":67,"column":9}},"27":{"start":{"line":60,"column":12},"end":{"line":60,"column":58}},"28":{"start":{"line":61,"column":12},"end":{"line":61,"column":42}},"29":{"start":{"line":62,"column":12},"end":{"line":62,"column":31}},"30":{"start":{"line":64,"column":12},"end":{"line":64,"column":58}},"31":{"start":{"line":65,"column":12},"end":{"line":65,"column":60}},"32":{"start":{"line":66,"column":12},"end":{"line":66,"column":31}},"33":{"start":{"line":71,"column":0},"end":{"line":71,"column":36}}},"fnMap":{"0":{"name":"(anonymous_0)","decl":{"start":{"line":3,"column":17},"end":{"line":3,"column":18}},"loc":{"start":{"line":3,"column":51},"end":{"line":33,"column":5}},"line":3},"1":{"name":"(anonymous_1)","decl":{"start":{"line":37,"column":20},"end":{"line":37,"column":21}},"loc":{"start":{"line":37,"column":36},"end":{"line":68,"column":5}},"line":37},"2":{"name":"(anonymous_2)","decl":{"start":{"line":47,"column":29},"end":{"line":47,"column":30}},"loc":{"start":{"line":47,"column":39},"end":{"line":47,"column":94}},"line":47},"3":{"name":"(anonymous_3)","decl":{"start":{"line":48,"column":30},"end":{"line":48,"column":31}},"loc":{"start":{"line":49,"column":12},"end":{"line":49,"column":88}},"line":49}},"branchMap":{"0":{"loc":{"start":{"line":8,"column":8},"end":{"line":22,"column":9}},"type":"if","locations":[{"start":{"line":8,"column":8},"end":{"line":22,"column":9}},{"start":{"line":11,"column":15},"end":{"line":22,"column":9}}],"line":8},"1":{"loc":{"start":{"line":15,"column":12},"end":{"line":20,"column":13}},"type":"if","locations":[{"start":{"line":15,"column":12},"end":{"line":20,"column":13}},{"start":{"line":18,"column":19},"end":{"line":20,"column":13}}],"line":15},"2":{"loc":{"start":{"line":29,"column":24},"end":{"line":31,"column":27}},"type":"cond-expr","locations":[{"start":{"line":30,"column":18},"end":{"line":30,"column":58}},{"start":{"line":31,"column":18},"end":{"line":31,"column":27}}],"line":29},"3":{"loc":{"start":{"line":51,"column":8},"end":{"line":67,"column":9}},"type":"if","locations":[{"start":{"line":51,"column":8},"end":{"line":67,"column":9}},{"start":{"line":55,"column":15},"end":{"line":67,"column":9}}],"line":51},"4":{"loc":{"start":{"line":55,"column":15},"end":{"line":67,"column":9}},"type":"if","locations":[{"start":{"line":55,"column":15},"end":{"line":67,"column":9}},{"start":{"line":59,"column":15},"end":{"line":67,"column":9}}],"line":55},"5":{"loc":{"start":{"line":55,"column":19},"end":{"line":55,"column":87}},"type":"binary-expr","locations":[{"start":{"line":55,"column":19},"end":{"line":55,"column":42}},{"start":{"line":55,"column":46},"end":{"line":55,"column":87}}],"line":55},"6":{"loc":{"start":{"line":59,"column":15},"end":{"line":67,"column":9}},"type":"if","locations":[{"start":{"line":59,"column":15},"end":{"line":67,"column":9}},{"start":{"line":63,"column":15},"end":{"line":67,"column":9}}],"line":59},"7":{"loc":{"start":{"line":59,"column":19},"end":{"line":59,"column":87}},"type":"binary-expr","locations":[{"start":{"line":59,"column":19},"end":{"line":59,"column":42}},{"start":{"line":59,"column":46},"end":{"line":59,"column":87}}],"line":59}},"s":{"0":3,"1":7,"2":7,"3":4,"4":4,"5":3,"6":3,"7":3,"8":3,"9":0,"10":3,"11":7,"12":3,"13":8,"14":8,"15":6,"16":8,"17":6,"18":8,"19":1,"20":1,"21":1,"22":7,"23":1,"24":1,"25":1,"26":6,"27":1,"28":1,"29":1,"30":5,"31":5,"32":5,"33":3},"f":{"0":7,"1":8,"2":6,"3":6},"b":{"0":[4,3],"1":[3,0],"2":[1,6],"3":[1,7],"4":[1,6],"5":[7,1],"6":[1,5],"7":[6,6]},"_coverageSchema":"1a1c01bbd47fc00a2c39e90264f33305004495a9","hash":"85da9a814d3a09eb768a774c2037d704618fd899"}
,"/Users/songminhyeong/MyProjects/Projects/WeAllLie-BE-ver2/test/mockData/user-data.js": {"path":"/Users/songminhyeong/MyProjects/Projects/WeAllLie-BE-ver2/test/mockData/user-data.js","statementMap":{"0":{"start":{"line":1,"column":19},"end":{"line":11,"column":1}},"1":{"start":{"line":13,"column":28},"end":{"line":18,"column":1}},"2":{"start":{"line":20,"column":25},"end":{"line":27,"column":1}},"3":{"start":{"line":29,"column":20},"end":{"line":29,"column":22}},"4":{"start":{"line":30,"column":23},"end":{"line":81,"column":1}},"5":{"start":{"line":83,"column":19},"end":{"line":120,"column":1}},"6":{"start":{"line":122,"column":19},"end":{"line":132,"column":1}},"7":{"start":{"line":134,"column":19},"end":{"line":134,"column":37}},"8":{"start":{"line":135,"column":18},"end":{"line":135,"column":46}},"9":{"start":{"line":136,"column":23},"end":{"line":138,"column":1}},"10":{"start":{"line":140,"column":0},"end":{"line":151,"column":2}}},"fnMap":{},"branchMap":{},"s":{"0":4,"1":4,"2":4,"3":4,"4":4,"5":4,"6":4,"7":4,"8":4,"9":4,"10":4},"f":{},"b":{},"_coverageSchema":"1a1c01bbd47fc00a2c39e90264f33305004495a9","hash":"045f273642a415475f6a3354487e93eaa6bf6e0d"}
}
