TN:
SF:src/middlewares/exception.js
FN:4,(anonymous_0)
FN:13,(anonymous_1)
FN:23,(anonymous_2)
FNF:3
FNH:1
FNDA:0,(anonymous_0)
FNDA:0,(anonymous_1)
FNDA:2,(anonymous_2)
DA:5,0
DA:7,0
DA:8,0
DA:14,0
DA:16,0
DA:17,0
DA:24,2
DA:26,2
DA:27,2
DA:31,2
LF:10
LH:4
BRDA:4,0,0,0
BRDA:23,1,0,0
BRF:2
BRH:0
end_of_record
TN:
SF:src/schemas/user.js
FNF:0
FNH:0
DA:1,2
DA:3,2
DA:62,2
DA:63,2
LF:4
LH:4
BRF:0
BRH:0
end_of_record
TN:
SF:src/users/user-controller.js
FN:7,(anonymous_0)
FN:24,(anonymous_1)
FN:45,(anonymous_2)
FN:60,(anonymous_3)
FNF:4
FNH:0
FNDA:0,(anonymous_0)
FNDA:0,(anonymous_1)
FNDA:0,(anonymous_2)
FNDA:0,(anonymous_3)
DA:1,1
DA:2,1
DA:3,1
DA:7,1
DA:8,0
DA:9,0
DA:10,0
DA:12,0
DA:13,0
DA:15,0
DA:24,1
DA:25,0
DA:27,0
DA:28,0
DA:29,0
DA:30,0
DA:31,0
DA:32,0
DA:33,0
DA:35,0
DA:36,0
DA:39,0
DA:40,0
DA:45,1
DA:46,0
DA:47,0
DA:48,0
DA:50,0
DA:51,0
DA:52,0
DA:54,0
DA:55,0
DA:60,1
DA:61,0
DA:62,0
DA:63,0
DA:64,0
DA:65,0
DA:66,0
DA:67,0
DA:68,0
DA:70,0
DA:71,0
DA:76,1
LF:44
LH:8
BRDA:29,0,0,0
BRDA:29,0,1,0
BRDA:30,1,0,0
BRDA:30,1,1,0
BRDA:30,2,0,0
BRDA:30,2,1,0
BRDA:32,3,0,0
BRDA:32,3,1,0
BRDA:64,4,0,0
BRDA:64,4,1,0
BRDA:65,5,0,0
BRDA:65,5,1,0
BRF:12
BRH:0
end_of_record
TN:
SF:src/users/user-repo.js
FN:4,(anonymous_0)
FN:9,(anonymous_1)
FN:14,(anonymous_2)
FN:19,(anonymous_3)
FN:24,(anonymous_4)
FN:29,(anonymous_5)
FNF:6
FNH:0
FNDA:0,(anonymous_0)
FNDA:0,(anonymous_1)
FNDA:0,(anonymous_2)
FNDA:0,(anonymous_3)
FNDA:0,(anonymous_4)
FNDA:0,(anonymous_5)
DA:1,2
DA:4,2
DA:5,0
DA:6,0
DA:9,2
DA:10,0
DA:11,0
DA:14,2
DA:15,0
DA:16,0
DA:19,2
DA:20,0
DA:21,0
DA:24,2
DA:25,0
DA:26,0
DA:29,2
DA:30,0
DA:34,2
LF:19
LH:8
BRF:0
BRH:0
end_of_record
TN:
SF:src/users/user-service.js
FN:10,(anonymous_0)
FN:47,(anonymous_1)
FN:76,(anonymous_2)
FN:84,(anonymous_3)
FN:96,(anonymous_4)
FN:107,(anonymous_5)
FNF:6
FNH:4
FNDA:0,(anonymous_0)
FNDA:0,(anonymous_1)
FNDA:2,(anonymous_2)
FNDA:6,(anonymous_3)
FNDA:6,(anonymous_4)
FNDA:8,(anonymous_5)
DA:1,2
DA:2,2
DA:3,2
DA:4,2
DA:5,2
DA:6,2
DA:10,2
DA:11,0
DA:37,0
DA:47,2
DA:48,0
DA:57,0
DA:60,0
DA:63,0
DA:64,0
DA:65,0
DA:66,0
DA:70,0
DA:71,0
DA:72,0
DA:76,2
DA:77,2
DA:78,2
DA:79,2
DA:80,2
DA:84,2
DA:85,6
DA:86,6
DA:87,6
DA:88,5
DA:89,5
DA:91,1
DA:96,2
DA:97,6
DA:98,6
DA:100,6
DA:101,6
DA:102,6
DA:103,6
DA:107,2
DA:108,8
DA:111,8
DA:112,8
DA:113,8
DA:116,8
DA:117,8
DA:118,8
DA:120,8
DA:124,2
LF:49
LH:37
BRDA:63,0,0,0
BRDA:63,0,1,0
BRDA:87,1,0,1
BRDA:87,1,1,5
BRF:4
BRH:2
end_of_record
TN:
SF:src/users/util/jwt.js
FN:7,(anonymous_0)
FN:13,(anonymous_1)
FN:17,(anonymous_2)
FN:27,(anonymous_3)
FN:37,(anonymous_4)
FN:47,(anonymous_5)
FNF:6
FNH:1
FNDA:1,(anonymous_0)
FNDA:0,(anonymous_1)
FNDA:0,(anonymous_2)
FNDA:0,(anonymous_3)
FNDA:0,(anonymous_4)
FNDA:0,(anonymous_5)
DA:1,2
DA:2,2
DA:3,2
DA:7,2
DA:8,1
DA:13,2
DA:14,0
DA:17,2
DA:18,0
DA:19,0
DA:20,0
DA:22,0
DA:27,2
DA:28,0
DA:29,0
DA:30,0
DA:32,0
DA:37,2
DA:38,0
DA:39,0
DA:40,0
DA:42,0
DA:47,2
DA:48,0
DA:50,0
DA:51,0
DA:52,0
DA:53,0
DA:54,0
DA:55,0
DA:57,0
DA:58,0
DA:63,2
LF:33
LH:11
BRDA:50,0,0,0
BRDA:50,0,1,0
BRF:2
BRH:0
end_of_record
TN:
SF:src/users/util/user-function.js
FN:3,(anonymous_0)
FN:37,(anonymous_1)
FN:47,(anonymous_2)
FN:48,(anonymous_3)
FNF:4
FNH:4
FNDA:7,(anonymous_0)
FNDA:8,(anonymous_1)
FNDA:6,(anonymous_2)
FNDA:6,(anonymous_3)
DA:3,3
DA:4,7
DA:8,7
DA:9,4
DA:10,4
DA:13,3
DA:15,3
DA:16,3
DA:17,3
DA:19,0
DA:21,3
DA:25,7
DA:37,3
DA:38,8
DA:47,8
DA:48,8
DA:49,6
DA:51,8
DA:52,1
DA:53,1
DA:54,1
DA:55,7
DA:56,1
DA:57,1
DA:58,1
DA:59,6
DA:60,1
DA:61,1
DA:62,1
DA:64,5
DA:65,5
DA:66,5
DA:71,3
LF:33
LH:32
BRDA:8,0,0,4
BRDA:8,0,1,3
BRDA:15,1,0,3
BRDA:15,1,1,0
BRDA:29,2,0,1
BRDA:29,2,1,6
BRDA:51,3,0,1
BRDA:51,3,1,7
BRDA:55,4,0,1
BRDA:55,4,1,6
BRDA:55,5,0,7
BRDA:55,5,1,1
BRDA:59,6,0,1
BRDA:59,6,1,5
BRDA:59,7,0,6
BRDA:59,7,1,6
BRF:16
BRH:15
end_of_record
TN:
SF:test/mockData/user-data.js
FNF:0
FNH:0
DA:1,2
DA:13,2
DA:20,2
DA:29,2
DA:30,2
DA:83,2
DA:122,2
DA:134,2
LF:8
LH:8
BRF:0
BRH:0
end_of_record
