TN:
SF:src/middlewares/exception.js
FN:4,(anonymous_0)
FN:13,(anonymous_1)
FN:23,(anonymous_2)
FNF:3
FNH:1
FNDA:0,(anonymous_0)
FNDA:0,(anonymous_1)
FNDA:5,(anonymous_2)
DA:5,0
DA:7,0
DA:8,0
DA:14,0
DA:16,0
DA:17,0
DA:24,5
DA:26,5
DA:27,5
DA:31,2
LF:10
LH:4
BRDA:4,0,0,0
BRDA:23,1,0,0
BRF:2
BRH:0
end_of_record
TN:
SF:src/schemas/user.js
FNF:0
FNH:0
DA:1,3
DA:3,3
DA:62,3
DA:63,3
LF:4
LH:4
BRF:0
BRH:0
end_of_record
TN:
SF:src/users/user-controller.js
FN:7,(anonymous_0)
FN:24,(anonymous_1)
FN:46,(anonymous_2)
FN:61,(anonymous_3)
FNF:4
FNH:4
FNDA:3,(anonymous_0)
FNDA:4,(anonymous_1)
FNDA:3,(anonymous_2)
FNDA:3,(anonymous_3)
DA:1,1
DA:2,1
DA:3,1
DA:7,1
DA:8,3
DA:9,3
DA:10,3
DA:15,3
DA:24,1
DA:25,4
DA:27,4
DA:28,4
DA:29,4
DA:31,4
DA:32,1
DA:33,3
DA:34,2
DA:36,2
DA:37,2
DA:40,2
DA:41,2
DA:46,1
DA:47,3
DA:48,3
DA:49,3
DA:51,3
DA:52,3
DA:53,3
DA:55,0
DA:56,0
DA:61,1
DA:62,3
DA:63,3
DA:64,3
DA:65,3
DA:66,3
DA:67,0
DA:68,3
DA:69,2
DA:71,1
DA:72,1
DA:77,1
LF:42
LH:39
BRDA:29,0,0,4
BRDA:29,0,1,0
BRDA:31,1,0,1
BRDA:31,1,1,3
BRDA:31,2,0,4
BRDA:31,2,1,4
BRDA:33,3,0,1
BRDA:33,3,1,2
BRDA:65,4,0,0
BRDA:65,4,1,3
BRDA:66,5,0,0
BRDA:66,5,1,3
BRF:12
BRH:9
end_of_record
TN:
SF:src/users/user-repo.js
FN:4,(anonymous_0)
FN:9,(anonymous_1)
FN:14,(anonymous_2)
FN:19,(anonymous_3)
FN:24,(anonymous_4)
FN:29,(anonymous_5)
FNF:6
FNH:6
FNDA:1,(anonymous_0)
FNDA:1,(anonymous_1)
FNDA:1,(anonymous_2)
FNDA:1,(anonymous_3)
FNDA:1,(anonymous_4)
FNDA:1,(anonymous_5)
DA:1,3
DA:4,3
DA:5,1
DA:6,1
DA:9,3
DA:10,1
DA:11,1
DA:14,3
DA:15,1
DA:16,1
DA:19,3
DA:20,1
DA:21,1
DA:24,3
DA:25,1
DA:26,1
DA:29,3
DA:30,1
DA:34,3
LF:19
LH:19
BRF:0
BRH:0
end_of_record
TN:
SF:src/users/user-service.js
FN:10,(anonymous_0)
FN:47,(anonymous_1)
FN:76,(anonymous_2)
FN:84,(anonymous_3)
FN:96,(anonymous_4)
FN:107,(anonymous_5)
FNF:6
FNH:4
FNDA:0,(anonymous_0)
FNDA:0,(anonymous_1)
FNDA:2,(anonymous_2)
FNDA:6,(anonymous_3)
FNDA:6,(anonymous_4)
FNDA:8,(anonymous_5)
DA:1,2
DA:2,2
DA:3,2
DA:4,2
DA:5,2
DA:6,2
DA:10,2
DA:11,0
DA:37,0
DA:47,2
DA:48,0
DA:57,0
DA:60,0
DA:63,0
DA:64,0
DA:65,0
DA:66,0
DA:70,0
DA:71,0
DA:72,0
DA:76,2
DA:77,2
DA:78,2
DA:79,2
DA:80,2
DA:84,2
DA:85,6
DA:86,6
DA:87,6
DA:88,5
DA:89,5
DA:91,1
DA:96,2
DA:97,6
DA:98,6
DA:100,6
DA:101,6
DA:102,6
DA:103,6
DA:107,2
DA:108,8
DA:111,8
DA:112,8
DA:113,8
DA:116,8
DA:117,8
DA:118,8
DA:120,8
DA:124,2
LF:49
LH:37
BRDA:63,0,0,0
BRDA:63,0,1,0
BRDA:87,1,0,1
BRDA:87,1,1,5
BRF:4
BRH:2
end_of_record
TN:
SF:src/users/util/jwt.js
FN:7,(anonymous_0)
FN:13,(anonymous_1)
FN:17,(anonymous_2)
FN:27,(anonymous_3)
FN:37,(anonymous_4)
FN:47,(anonymous_5)
FNF:6
FNH:1
FNDA:1,(anonymous_0)
FNDA:0,(anonymous_1)
FNDA:0,(anonymous_2)
FNDA:0,(anonymous_3)
FNDA:0,(anonymous_4)
FNDA:0,(anonymous_5)
DA:1,2
DA:2,2
DA:3,2
DA:7,2
DA:8,1
DA:13,2
DA:14,0
DA:17,2
DA:18,0
DA:19,0
DA:20,0
DA:22,0
DA:27,2
DA:28,0
DA:29,0
DA:30,0
DA:32,0
DA:37,2
DA:38,0
DA:39,0
DA:40,0
DA:42,0
DA:47,2
DA:48,0
DA:50,0
DA:51,0
DA:52,0
DA:53,0
DA:54,0
DA:55,0
DA:57,0
DA:58,0
DA:63,2
LF:33
LH:11
BRDA:50,0,0,0
BRDA:50,0,1,0
BRF:2
BRH:0
end_of_record
TN:
SF:src/users/util/user-function.js
FN:3,(anonymous_0)
FN:37,(anonymous_1)
FN:47,(anonymous_2)
FN:48,(anonymous_3)
FNF:4
FNH:4
FNDA:7,(anonymous_0)
FNDA:8,(anonymous_1)
FNDA:6,(anonymous_2)
FNDA:6,(anonymous_3)
DA:3,3
DA:4,7
DA:8,7
DA:9,4
DA:10,4
DA:13,3
DA:15,3
DA:16,3
DA:17,3
DA:19,0
DA:21,3
DA:25,7
DA:37,3
DA:38,8
DA:47,8
DA:48,8
DA:49,6
DA:51,8
DA:52,1
DA:53,1
DA:54,1
DA:55,7
DA:56,1
DA:57,1
DA:58,1
DA:59,6
DA:60,1
DA:61,1
DA:62,1
DA:64,5
DA:65,5
DA:66,5
DA:71,3
LF:33
LH:32
BRDA:8,0,0,4
BRDA:8,0,1,3
BRDA:15,1,0,3
BRDA:15,1,1,0
BRDA:29,2,0,1
BRDA:29,2,1,6
BRDA:51,3,0,1
BRDA:51,3,1,7
BRDA:55,4,0,1
BRDA:55,4,1,6
BRDA:55,5,0,7
BRDA:55,5,1,1
BRDA:59,6,0,1
BRDA:59,6,1,5
BRDA:59,7,0,6
BRDA:59,7,1,6
BRF:16
BRH:15
end_of_record
TN:
SF:test/mockData/user-data.js
FNF:0
FNH:0
DA:1,4
DA:13,4
DA:20,4
DA:29,4
DA:30,4
DA:83,4
DA:122,4
DA:134,4
DA:135,4
DA:136,4
DA:140,4
LF:11
LH:11
BRF:0
BRH:0
end_of_record
